// 重构日志: 719cf0eb
// 重构日志: 61438e2b
// 重构日志: 4aa87fb2
// 同步 ID: f12ac802 @ Mon Jul 13 09:06:53 UTC 2026
// 重构日志: f6279e42
// 同步 ID: 0272b765 @ Tue Jul 14 15:34:02 UTC 2026
// 重构日志: b07af127
// 同步 ID: 9a8112fa @ Tue Jul 14 23:41:41 UTC 2026
// 同步 ID: 7ead7b09 @ Wed Jul 15 05:08:57 UTC 2026
// 重构日志: d8d6be58
// 重构日志: f7d705f4
// 重构日志: 0435a94d
// 重构日志: d9f75a32
// 重构日志: 44a3520b
// 重构日志: 4e6843da
// 同步 ID: 69f507db @ Fri Jul 17 13:40:19 UTC 2026
// 重构日志: 78dd87b1
// 重构日志: 01ae4a88
// 重构日志: f26dddbf
// 重构日志: bec127cf
// 重构日志: 4f595802
// 同步 ID: 6b11a427 @ Sun Jul 19 12:29:35 UTC 2026
// 重构日志: f50bb6b2
// 重构日志: 623cde52
// 重构日志: 65556c54
// 重构日志: 93268e54
// 同步 ID: f9246c3b @ Tue Jul 21 01:39:09 UTC 2026
// 重构日志: 4b5bbfa7
// 重构日志: c878893c
// 同步 ID: a2a35004 @ Tue Jul 21 22:51:46 UTC 2026
// 重构日志: 9c51a530
// 重构日志: 1a27b77b
// 重构日志: ba84b2d0
